make all --print-data-base --no-builtin-variables --no-builtin-rules --question
# GNU Make 3.81
# Copyright (C) 2006  Free Software Foundation, Inc.
# This is free software; see the source for copying conditions.
# There is NO warranty; not even for MERCHANTABILITY or FITNESS FOR A
# PARTICULAR PURPOSE.

# This program built for i386-apple-darwin11.3.0
 

# Make data base, printed on Fri Jul 29 17:51:26 2022

# Variables

# automatic
<D = $(patsubst %/,%,$(dir $<))
# automatic
?F = $(notdir $?)
# automatic
?D = $(patsubst %/,%,$(dir $?))
# automatic
@D = $(patsubst %/,%,$(dir $@))
# automatic
@F = $(notdir $@)
# makefile
CURDIR := /Users/ael-hayy/Desktop/hammiiiiid
# makefile
SHELL = /bin/sh
 
# makefile (from `Makefile', line 15)
RM = rm -f
# environment
VSCODE_NLS_CONFIG = {"locale":"en-us","availableLanguages":{},"_languagePackSupport":true}
# environment
_ = /usr/bin/make
# makefile (from `Makefile', line 14)
CFLAGS = -Wall -Werror -Wextra -g -fsanitize=address
# makefile (from `Makefile', line 1)
MAKEFILE_LIST :=  Makefile
# environment
VSCODE_CWD = /
# environment
Apple_PubSub_Socket_Render = /private/tmp/com.apple.launchd.8qJ2xTCU0Y/Render
# environment
PATH = /Users/ael-hayy/.brew/bin:/usr/local/bin:/usr/bin:/bin:/usr/sbin:/sbin:/usr/local/munki
# environment
LSCOLORS = Gxfxcxdxbxegedabagacad
# environment
ELECTRON_RUN_AS_NODE = 1
# default
.FEATURES := target-specific order-only second-expansion else-if archives jobserver check-symlink
# environment
SSH_AUTH_SOCK = /private/tmp/com.apple.launchd.Jdr2vfISF6/Listeners
# automatic
%F = $(notdir $%)
# environment
PWD = /Users/ael-hayy/Desktop/hammiiiiid
# environment
ORIGINAL_XDG_CURRENT_DESKTOP = undefined
# environment
VSCODE_AMD_ENTRYPOINT = vs/workbench/api/node/extensionHostProcess
# environment
HOME = /Users/ael-hayy
# default
MAKEFILEPATH := /Applications/Xcode.app/Contents/Developer/Makefiles
# environment
VSCODE_CODE_CACHE_PATH = /Users/ael-hayy/Library/Application Support/Code/CachedData/b06ae3b2d2dbfe28bca3134cc6be65935cdfea6a
# environment
LOGNAME = ael-hayy
# environment
APPLICATION_INSIGHTS_NO_DIAGNOSTIC_CHANNEL = 1
# environment
ZSH = /Users/ael-hayy/.oh-my-zsh
# environment
VSCODE_HANDLES_UNCAUGHT_ERRORS = true
# automatic
^D = $(patsubst %/,%,$(dir $^))
# environment
XPC_FLAGS = 0x0
# default
MAKE = $(MAKE_COMMAND)
# default
MAKECMDGOALS := all
# environment
SHLVL = 1
# makefile (from `Makefile', line 13)
CC = gcc
# default
MAKE_VERSION := 3.81
# environment
USER = ael-hayy
# makefile
.DEFAULT_GOAL := all
# makefile (from `Makefile', line 16)
NAME = minishell
# environment
LESS = -R
# automatic
%D = $(patsubst %/,%,$(dir $%))
# default
MAKE_COMMAND := /Applications/Xcode.app/Contents/Developer/usr/bin/make
# default
.VARIABLES := 
# environment
TMPDIR = /var/folders/zz/zyxvpxvq6csfxvn_n0000hq400045s/T/
# automatic
*F = $(notdir $*)
# environment
VSCODE_IPC_HOOK = /Users/ael-hayy/Library/Application Support/Code/1.69.1-main.sock
# environment
MallocNanoZone = 0
# makefile
MAKEFLAGS = Rrqp
# environment
MFLAGS = -Rrqp
# automatic
*D = $(patsubst %/,%,$(dir $*))
# environment
XPC_SERVICE_NAME = com.apple.xpc.launchd.oneshot.0x10000002.Electron
# automatic
+D = $(patsubst %/,%,$(dir $+))
# automatic
+F = $(notdir $+)
# environment
__CF_USER_TEXT_ENCODING = 0x10B9:0:0
# environment
COMMAND_MODE = unix2003
# default
MAKEFILES := 
# automatic
<F = $(notdir $<)
# environment
PAGER = less
# environment
LC_ALL = C
# environment
SECURITYSESSIONID = 186aa
# automatic
^F = $(notdir $^)
# default
SUFFIXES := 
# default
.INCLUDE_DIRS = /usr/local/include
# environment
MAKELEVEL := 0
# makefile (from `Makefile', line 18)
OBJECTS = $(FILES:.c=.o)
# environment
LANG = C
# environment
VSCODE_PID = 3487
# makefile (from `Makefile', line 17)
FILES = *c  ./executor/*c ./executor/Build_in/*c
# variable set hash-table stats:
# Load=69/1024=7%, Rehash=0, Collisions=1/104=1%

# Pattern-specific Variable Values

# No pattern-specific variable values.

# Directories

# executor (device 16777227, inode 3858390): 9 files, no impossibilities.
# . (device 16777227, inode 3858325): 25 files, no impossibilities.
# executor/Build_in (device 16777227, inode 3858391): 8 files, no impossibilities.

# 42 files, no impossibilities in 3 directories.

# Implicit Rules

%.o: %.c
#  commands to execute (from `Makefile', line 21):
	@cc -c -Wall -Wextra -Werror $<
	

# 1 implicit rules, 0 (0.0%) terminal.

# Files

# Not a target:
executor/Build_in/unset.c:
#  Implicit rule search has been done.
#  Last modified 2022-07-29 12:06:47
#  File has been updated.
#  Successfully updated.
# variable set hash-table stats:
# Load=0/32=0%, Rehash=0, Collisions=0/0=0%

all: minishell
#  Phony target (prerequisite of .PHONY).
#  Command-line target.
#  Implicit rule search has not been done.
#  File does not exist.
#  File has been updated.
#  Needs to be updated (-q is set).
# variable set hash-table stats:
# Load=0/32=0%, Rehash=0, Collisions=0/7=0%

.PHONY: all clean fclean re bonus
#  Implicit rule search has not been done.
#  Modification time never checked.
#  File has not been updated.

# Not a target:
open_files.c:
#  Implicit rule search has been done.
#  Last modified 2022-07-21 11:58:19
#  File has been updated.
#  Successfully updated.
# variable set hash-table stats:
# Load=0/32=0%, Rehash=0, Collisions=0/0=0%

# Not a target:
tree_parser.c:
#  Implicit rule search has been done.
#  Last modified 2022-07-28 13:37:06
#  File has been updated.
#  Successfully updated.
# variable set hash-table stats:
# Load=0/32=0%, Rehash=0, Collisions=0/0=0%

# Not a target:
.SUFFIXES:
#  Implicit rule search has not been done.
#  Modification time never checked.
#  File has not been updated.

# Not a target:
Makefile:
#  Implicit rule search has been done.
#  Last modified 2022-07-28 12:31:40
#  File has been updated.
#  Successfully updated.
# variable set hash-table stats:
# Load=0/32=0%, Rehash=0, Collisions=0/0=0%

# Not a target:
executor/execute.c:
#  Implicit rule search has been done.
#  Last modified 2022-07-29 16:09:54
#  File has been updated.
#  Successfully updated.
# variable set hash-table stats:
# Load=0/32=0%, Rehash=0, Collisions=0/0=0%

# Not a target:
being_ready.c:
#  Implicit rule search has been done.
#  Last modified 2022-07-29 15:05:14
#  File has been updated.
#  Successfully updated.
# variable set hash-table stats:
# Load=0/32=0%, Rehash=0, Collisions=0/0=0%

# Not a target:
pre_line_check.c:
#  Implicit rule search has been done.
#  Last modified 2022-07-29 12:33:29
#  File has been updated.
#  Successfully updated.
# variable set hash-table stats:
# Load=0/32=0%, Rehash=0, Collisions=0/0=0%

minishell: being_ready.c free.c m_shell_tree.c minishell.c open_files.c pre_line_check.c redirection.c set_env.c signls.c tree_parser.c executor/execute.c executor/free.c executor/init_env_elems.c executor/init_exec_elems.c executor/utils.c executor/Build_in/buid_in_manager.c executor/Build_in/cd .c executor/Build_in/echo.c executor/Build_in/env.c executor/Build_in/export.c executor/Build_in/unset.c
#  Implicit rule search has not been done.
#  Implicit/static pattern stem: `'
#  Last modified 2022-07-29 15:35:25
#  File has been updated.
#  Needs to be updated (-q is set).
# automatic
# @ := minishell
# automatic
# % := 
# automatic
# * := 
# automatic
# + := being_ready.c free.c m_shell_tree.c minishell.c open_files.c pre_line_check.c redirection.c set_env.c signls.c tree_parser.c executor/execute.c executor/free.c executor/init_env_elems.c executor/init_exec_elems.c executor/utils.c executor/Build_in/buid_in_manager.c executor/Build_in/cd .c executor/Build_in/echo.c executor/Build_in/env.c executor/Build_in/export.c executor/Build_in/unset.c
# automatic
# | := 
# automatic
# < := being_ready.c
# automatic
# ^ := being_ready.c free.c m_shell_tree.c minishell.c open_files.c pre_line_check.c redirection.c set_env.c signls.c tree_parser.c executor/execute.c executor/free.c executor/init_env_elems.c executor/init_exec_elems.c executor/utils.c executor/Build_in/buid_in_manager.c executor/Build_in/cd .c executor/Build_in/echo.c executor/Build_in/env.c executor/Build_in/export.c executor/Build_in/unset.c
# automatic
# ? := executor/execute.c
# variable set hash-table stats:
# Load=8/32=25%, Rehash=0, Collisions=1/15=7%
#  commands to execute (from `Makefile', line 26):
	@cd libft && make && make bonus
	@cd ..
	@$(CC) $(CFLAGS) $(OBJECTS) -g -lreadline -L /Users/ael-hayy/.brew/opt/readline/lib -I /Users/ael-hayy/.brew/opt/readline/include  -o $(NAME) libft/libft.a
	

bonus:
#  Phony target (prerequisite of .PHONY).
#  Implicit rule search has not been done.
#  File does not exist.
#  File has not been updated.

# Not a target:
set_env.c:
#  Implicit rule search has been done.
#  Last modified 2022-07-28 14:51:57
#  File has been updated.
#  Successfully updated.
# variable set hash-table stats:
 
# Load=0/32=0%, Rehash=0, Collisions=0/0=0%

fclean: clean
#  Phony target (prerequisite of .PHONY).
#  Implicit rule search has not been done.
#  File does not exist.
#  File has not been updated.
#  commands to execute (from `Makefile', line 36):
	@cd libft && make fclean
	@cd ../
	$(RM) $(NAME)
	

# Not a target:
executor/Build_in/echo.c:
#  Implicit rule search has been done.
#  Last modified 2022-07-29 12:06:47
#  File has been updated.
#  Successfully updated.
# variable set hash-table stats:
# Load=0/32=0%, Rehash=0, Collisions=0/0=0%

# Not a target:
executor/Build_in/cd .c:
#  Implicit rule search has been done.
#  Last modified 2022-07-29 12:06:47
#  File has been updated.
#  Successfully updated.
# variable set hash-table stats:
# Load=0/32=0%, Rehash=0, Collisions=0/0=0%

# Not a target:
free.c:
#  Implicit rule search has been done.
#  Last modified 2022-07-27 20:07:17
#  File has been updated.
#  Successfully updated.
# variable set hash-table stats:
# Load=0/32=0%, Rehash=0, Collisions=0/0=0%

# Not a target:
executor/Build_in/export.c:
#  Implicit rule search has been done.
#  Last modified 2022-07-29 12:06:47
#  File has been updated.
#  Successfully updated.
# variable set hash-table stats:
# Load=0/32=0%, Rehash=0, Collisions=0/0=0%

# Not a target:
executor/Build_in/buid_in_manager.c:
#  Implicit rule search has been done.
#  Last modified 2022-07-29 12:06:47
#  File has been updated.
#  Successfully updated.
# variable set hash-table stats:
# Load=0/32=0%, Rehash=0, Collisions=0/0=0%

# Not a target:
.DEFAULT:
#  Implicit rule search has not been done.
#  Modification time never checked.
#  File has not been updated.

# Not a target:
executor/free.c:
#  Implicit rule search has been done.
#  Last modified 2022-07-29 12:06:47
#  File has been updated.
#  Successfully updated.
# variable set hash-table stats:
# Load=0/32=0%, Rehash=0, Collisions=0/0=0%

re: fclean all
#  Phony target (prerequisite of .PHONY).
#  Implicit rule search has not been done.
#  File does not exist.
#  File has not been updated.

clean:
#  Phony target (prerequisite of .PHONY).
#  Implicit rule search has not been done.
#  File does not exist.
#  File has not been updated.
#  commands to execute (from `Makefile', line 31):
	$(RM) *.o
	cd libft && make clean
	cd ../
	

# Not a target:
executor/init_exec_elems.c:
#  Implicit rule search has been done.
#  Last modified 2022-07-29 15:07:47
#  File has been updated.
#  Successfully updated.
# variable set hash-table stats:
# Load=0/32=0%, Rehash=0, Collisions=0/0=0%

# Not a target:
executor/utils.c:
#  Implicit rule search has been done.
#  Last modified 2022-07-29 12:06:47
#  File has been updated.
#  Successfully updated.
# variable set hash-table stats:
# Load=0/32=0%, Rehash=0, Collisions=0/0=0%

# Not a target:
minishell.c:
#  Implicit rule search has been done.
#  Last modified 2022-07-29 15:35:23
#  File has been updated.
#  Successfully updated.
# variable set hash-table stats:
# Load=0/32=0%, Rehash=0, Collisions=0/0=0%

# Not a target:
executor/init_env_elems.c:
#  Implicit rule search has been done.
#  Last modified 2022-07-29 12:06:47
#  File has been updated.
#  Successfully updated.
# variable set hash-table stats:
# Load=0/32=0%, Rehash=0, Collisions=0/0=0%

# Not a target:
m_shell_tree.c:
#  Implicit rule search has been done.
#  Last modified 2022-07-29 15:03:54
#  File has been updated.
#  Successfully updated.
# variable set hash-table stats:
# Load=0/32=0%, Rehash=0, Collisions=0/0=0%

# Not a target:
executor/Build_in/env.c:
#  Implicit rule search has been done.
#  Last modified 2022-07-29 12:06:47
#  File has been updated.
#  Successfully updated.
# variable set hash-table stats:
# Load=0/32=0%, Rehash=0, Collisions=0/0=0%

# Not a target:
redirection.c:
#  Implicit rule search has been done.
#  Last modified 2022-07-26 13:03:21
#  File has been updated.
#  Successfully updated.
# variable set hash-table stats:
# Load=0/32=0%, Rehash=0, Collisions=0/0=0%

# Not a target:
signls.c:
#  Implicit rule search has been done.
#  Last modified 2022-07-28 16:51:25
#  File has been updated.
#  Successfully updated.
# variable set hash-table stats:
# Load=0/32=0%, Rehash=0, Collisions=0/0=0%

# files hash-table stats:
# Load=31/1024=3%, Rehash=0, Collisions=0/75=0%
# VPATH Search Paths

# No `vpath' search paths.

# No general (`VPATH' variable) search path.

# # of strings in strcache: 1
# # of strcache buffers: 1
# strcache size: total = 4096 / max = 4096 / min = 4096 / avg = 4096
# strcache free: total = 4087 / max = 4087 / min = 4087 / avg = 4087

# Finished Make data base on Fri Jul 29 17:51:26 2022

 
